<?xml version="1.0" encoding="UTF-8" ?>
<testsuite tests="4" failures="0" name="runner.BDDTest" time="109.312" errors="0" skipped="0">
  <properties>
[...]
</properties>
  <testcase classname="Online Banking" name="To validate  Account Summary" time="22.943"/>
  <testcase classname="Online Banking" name="To validate Account Details" time="17.793"/>
  <testcase classname="Online Banking" name="To validate Account Statement" time="33.241"/>
  <testcase classname="Online Banking" name="To validate Fund Transfer" time="35.335"/>
</testsuite>